<?xml version="1.0" encoding="UTF-8"?>
<testng-results ignored="0" total="1" passed="1" failed="0" skipped="0">
  <reporter-output>
  </reporter-output>
  <suite started-at="2024-03-22T15:31:56 IST" name="Default suite" finished-at="2024-03-22T15:32:24 IST" duration-ms="28067">
    <groups>
    </groups>
    <test started-at="2024-03-22T15:31:56 IST" name="Default test" finished-at="2024-03-22T15:32:24 IST" duration-ms="28067">
      <class name="testpkg.SSLoginTest">
        <test-method is-config="true" signature="setup()[pri:0, instance:testpkg.SSLoginTest@750e2b97]" started-at="2024-03-22T15:31:56 IST" name="setup" finished-at="2024-03-22T15:32:09 IST" duration-ms="13259" status="PASS">
          <reporter-output>
          </reporter-output>
        </test-method> <!-- setup -->
        <test-method signature="testLogin()[pri:0, instance:testpkg.SSLoginTest@750e2b97]" started-at="2024-03-22T15:32:10 IST" name="testLogin" finished-at="2024-03-22T15:32:24 IST" duration-ms="14128" status="PASS">
          <reporter-output>
          </reporter-output>
        </test-method> <!-- testLogin -->
      </class> <!-- testpkg.SSLoginTest -->
    </test> <!-- Default test -->
  </suite> <!-- Default suite -->
</testng-results>
